#
# A fatal error has been detected by the Java Runtime Environment:
#
#  EXCEPTION_ACCESS_VIOLATION (0xc0000005) at pc=0x7c929af2, pid=5308, tid=1164
#
# JRE version: 6.0_29-b11
# Java VM: Java HotSpot(TM) Client VM (20.4-b02 mixed mode, sharing windows-x86 )
# Problematic frame:
# C  [ntdll.dll+0x19af2]
#
# If you would like to submit a bug report, please visit:
#   http://java.sun.com/webapps/bugreport/crash.jsp
# The crash happened outside the Java Virtual Machine in native code.
# See problematic frame for where to report the bug.
#

---------------  T H R E A D  ---------------

Current thread (0x02d5f400):  JavaThread "AWT-Windows" daemon [_thread_in_native, id=1164, stack(0x00990000,0x00a90000)]

siginfo: ExceptionCode=0xc0000005, writing address 0x00000010

Registers:
EAX=0x00000000, EBX=0x00000000, ECX=0x000002ec, EDX=0x03367b40
ESP=0x00a8fa6c, EBP=0x00a8fae0, ESI=0x03367b30, EDI=0x00000000
EIP=0x7c929af2, EFLAGS=0x00010246

Top of Stack: (sp=0x00a8fa6c)
0x00a8fa6c:   03367b30 03367a00 00000001 002e002c
0x00a8fa7c:   6d0c76d4 006605ca 0000982c 00a8fa78
0x00a8fa8c:   00000000 0000c03d 00a8fa64 00000000
0x00a8fa9c:   00a8fb1c 7c839ad8 7c830c98 ffffffff
0x00a8faac:   7c830c90 7c834ed8 6d062a8c 6d062b18
0x00a8fabc:   6d102d8c 6d102d6c 6d102d70 6d06426c
0x00a8facc:   7e3ad312 03367a00 7e398b8c 00000000
0x00a8fadc:   000002ec 00a8fb28 7c911046 00367b30 

Instructions: (pc=0x7c929af2)
0x7c929ad2:   98 7c f6 d8 57 1b c0 f7 d0 25 e0 e1 98 7c 8b f8
0x7c929ae2:   8b 46 10 3b c3 89 45 fc 0f 84 9e 00 00 00 8b 06
0x7c929af2:   ff 40 10 8b 45 fc 83 e0 01 89 45 e8 8b 06 ff 40
0x7c929b02:   14 f6 05 f0 02 fe 7f 01 0f 85 16 9d 02 00 39 5d 


Register to memory mapping:

EAX=0x00000000 is an unknown value
EBX=0x00000000 is an unknown value
ECX=0x000002ec is an unknown value
EDX=0x03367b40 is an unknown value
ESP=0x00a8fa6c is pointing into the stack for thread: 0x02d5f400
EBP=0x00a8fae0 is pointing into the stack for thread: 0x02d5f400
ESI=0x03367b30 is an unknown value
EDI=0x00000000 is an unknown value


Stack: [0x00990000,0x00a90000],  sp=0x00a8fa6c,  free space=1022k
Native frames: (J=compiled Java code, j=interpreted, Vv=VM code, C=native code)
C  [ntdll.dll+0x19af2]  RtlpWaitForCriticalSection+0x5b
C  [ntdll.dll+0x1046]  RtlEnterCriticalSection+0x46
C  [USER32.dll+0x8734]  GetDC+0x6d
C  [USER32.dll+0x8816]  GetDC+0x14f
C  [USER32.dll+0x89cd]  GetWindowLongW+0x127
C  [USER32.dll+0x8a10]  DispatchMessageW+0xf

Java frames: (J=compiled Java code, j=interpreted, Vv=VM code)
j  sun.awt.windows.WToolkit.eventLoop()V+0
j  sun.awt.windows.WToolkit.run()V+52
v  ~StubRoutines::call_stub

---------------  P R O C E S S  ---------------

Java Threads: ( => current thread )
  0x04aed800 JavaThread "Thread-3" daemon [_thread_in_native, id=2848, stack(0x05350000,0x053a0000)]
  0x04ad3c00 JavaThread "Thread-11" [_thread_in_Java, id=5472, stack(0x05060000,0x050b0000)]
  0x03318400 JavaThread "Thread-19" [_thread_blocked, id=4180, stack(0x034f0000,0x03540000)]
  0x033ac400 JavaThread "Timer-2" [_thread_blocked, id=6060, stack(0x05010000,0x05060000)]
  0x032c3400 JavaThread "TimerQueue" daemon [_thread_blocked, id=3044, stack(0x03820000,0x03870000)]
  0x0338e400 JavaThread "AWT-EventQueue-1" [_thread_blocked, id=4368, stack(0x047c0000,0x04810000)]
  0x03366400 JavaThread "thread applet-descinst.Descartes.class-1" [_thread_blocked, id=5768, stack(0x03730000,0x03780000)]
  0x0331bc00 JavaThread "AWT-EventQueue-2" [_thread_in_native, id=5440, stack(0x039b0000,0x03a00000)]
  0x03319000 JavaThread "JVM[id=0]-Heartbeat" daemon [_thread_blocked, id=3880, stack(0x03960000,0x039b0000)]
  0x03310000 JavaThread "Browser Side Object Cleanup Thread" [_thread_blocked, id=5316, stack(0x038c0000,0x03910000)]
  0x0330a000 JavaThread "Windows Tray Icon Thread" [_thread_in_native, id=5544, stack(0x037d0000,0x03820000)]
  0x03307c00 JavaThread "CacheCleanUpThread" daemon [_thread_blocked, id=5108, stack(0x03780000,0x037d0000)]
  0x032e5400 JavaThread "CacheMemoryCleanUpThread" daemon [_thread_blocked, id=2536, stack(0x036e0000,0x03730000)]
  0x032d9400 JavaThread "SysExecutionTheadCreator" daemon [_thread_blocked, id=4920, stack(0x03690000,0x036e0000)]
  0x032d5c00 JavaThread "AWT-EventQueue-0" [_thread_blocked, id=5852, stack(0x03640000,0x03690000)]
=>0x02d5f400 JavaThread "AWT-Windows" daemon [_thread_in_native, id=1164, stack(0x00990000,0x00a90000)]
  0x02d5dc00 JavaThread "AWT-Shutdown" [_thread_blocked, id=5996, stack(0x035f0000,0x03640000)]
  0x02d48800 JavaThread "Java2D Disposer" daemon [_thread_blocked, id=3680, stack(0x035a0000,0x035f0000)]
  0x032cf400 JavaThread "Java Plug-In Pipe Worker Thread (Client-Side)" daemon [_thread_in_native, id=4420, stack(0x03540000,0x03590000)]
  0x02ce4800 JavaThread "Timer-0" [_thread_blocked, id=3168, stack(0x034a0000,0x034f0000)]
  0x02d19800 JavaThread "traceMsgQueueThread" daemon [_thread_blocked, id=6028, stack(0x03230000,0x03280000)]
  0x02cd2000 JavaThread "Low Memory Detector" daemon [_thread_blocked, id=3056, stack(0x02f90000,0x02fe0000)]
  0x02cc3400 JavaThread "C1 CompilerThread0" daemon [_thread_blocked, id=5820, stack(0x02f40000,0x02f90000)]
  0x02cc1c00 JavaThread "Attach Listener" daemon [_thread_blocked, id=5096, stack(0x02ef0000,0x02f40000)]
  0x02cc0400 JavaThread "Signal Dispatcher" daemon [_thread_blocked, id=1004, stack(0x02ea0000,0x02ef0000)]
  0x02cbd000 JavaThread "Finalizer" daemon [_thread_blocked, id=2204, stack(0x02e00000,0x02e50000)]
  0x02cb8400 JavaThread "Reference Handler" daemon [_thread_blocked, id=1532, stack(0x02db0000,0x02e00000)]
  0x00318400 JavaThread "main" [_thread_in_native, id=5036, stack(0x008d0000,0x00920000)]

Other Threads:
  0x02c7c000 VMThread [stack: 0x02d60000,0x02db0000] [id=5416]
  0x02cd4000 WatcherThread [stack: 0x02fe0000,0x03030000] [id=5972]

VM state:not at safepoint (normal execution)

VM Mutex/Monitor currently owned by a thread: None

Heap
 def new generation   total 10112K, used 133K [0x229d0000, 0x234c0000, 0x27f20000)
  eden space 9024K,   1% used [0x229d0000, 0x229f1518, 0x232a0000)
  from space 1088K,   0% used [0x232a0000, 0x232a0000, 0x233b0000)
  to   space 1088K,   0% used [0x233b0000, 0x233b0000, 0x234c0000)
 tenured generation   total 22268K, used 13219K [0x27f20000, 0x294df000, 0x329d0000)
   the space 22268K,  59% used [0x27f20000, 0x28c08d00, 0x28c08e00, 0x294df000)
 compacting perm gen  total 12288K, used 4382K [0x329d0000, 0x335d0000, 0x369d0000)
   the space 12288K,  35% used [0x329d0000, 0x32e17bd0, 0x32e17c00, 0x335d0000)
    ro space 10240K,  51% used [0x369d0000, 0x36efd0b8, 0x36efd200, 0x373d0000)
    rw space 12288K,  54% used [0x373d0000, 0x37a69570, 0x37a69600, 0x37fd0000)

Code Cache  [0x00a90000, 0x00c88000, 0x02a90000)
 total_blobs=942 nmethods=702 adapters=175 free_code_cache=31502144 largest_free_block=0

Dynamic libraries:
0x00400000 - 0x00424000 	C:\Archivos de programa\Java\jre6\bin\java.exe
0x7c910000 - 0x7c9c8000 	C:\WINDOWS\system32\ntdll.dll
0x7c800000 - 0x7c903000 	C:\WINDOWS\system32\kernel32.dll
0x77da0000 - 0x77e4c000 	C:\WINDOWS\system32\ADVAPI32.dll
0x77e50000 - 0x77ee3000 	C:\WINDOWS\system32\RPCRT4.dll
0x77fc0000 - 0x77fd1000 	C:\WINDOWS\system32\Secur32.dll
0x7c340000 - 0x7c396000 	C:\Archivos de programa\Java\jre6\bin\msvcr71.dll
0x6d7f0000 - 0x6da9f000 	C:\Archivos de programa\Java\jre6\bin\client\jvm.dll
0x7e390000 - 0x7e421000 	C:\WINDOWS\system32\USER32.dll
0x77ef0000 - 0x77f39000 	C:\WINDOWS\system32\GDI32.dll
0x76b00000 - 0x76b2e000 	C:\WINDOWS\system32\WINMM.dll
0x76340000 - 0x7635d000 	C:\WINDOWS\system32\IMM32.DLL
0x6d7a0000 - 0x6d7ac000 	C:\Archivos de programa\Java\jre6\bin\verify.dll
0x6d320000 - 0x6d33f000 	C:\Archivos de programa\Java\jre6\bin\java.dll
0x6d000000 - 0x6d14c000 	C:\Archivos de programa\Java\jre6\bin\awt.dll
0x72f80000 - 0x72fa6000 	C:\WINDOWS\system32\WINSPOOL.DRV
0x77be0000 - 0x77c38000 	C:\WINDOWS\system32\msvcrt.dll
0x774b0000 - 0x775ee000 	C:\WINDOWS\system32\ole32.dll
0x773a0000 - 0x774a3000 	C:\WINDOWS\WinSxS\x86_Microsoft.Windows.Common-Controls_6595b64144ccf1df_6.0.2600.6028_x-ww_61e65202\COMCTL32.dll
0x77f40000 - 0x77fb6000 	C:\WINDOWS\system32\SHLWAPI.dll
0x6d7e0000 - 0x6d7ef000 	C:\Archivos de programa\Java\jre6\bin\zip.dll
0x5b150000 - 0x5b188000 	C:\WINDOWS\system32\uxtheme.dll
0x77bd0000 - 0x77bd8000 	C:\WINDOWS\system32\VERSION.dll
0x6d420000 - 0x6d426000 	C:\Archivos de programa\Java\jre6\bin\jp2native.dll
0x746b0000 - 0x746fc000 	C:\WINDOWS\system32\MSCTF.dll
0x6d1d0000 - 0x6d1e3000 	C:\Archivos de programa\Java\jre6\bin\deploy.dll
0x77a50000 - 0x77ae6000 	C:\WINDOWS\system32\CRYPT32.dll
0x77af0000 - 0x77b02000 	C:\WINDOWS\system32\MSASN1.dll
0x7e6a0000 - 0x7eec1000 	C:\WINDOWS\system32\SHELL32.dll
0x770f0000 - 0x7717b000 	C:\WINDOWS\system32\OLEAUT32.dll
0x3fa00000 - 0x3fae6000 	C:\WINDOWS\system32\WININET.dll
0x03080000 - 0x03089000 	C:\WINDOWS\system32\Normaliz.dll
0x44430000 - 0x44563000 	C:\WINDOWS\system32\urlmon.dll
0x400a0000 - 0x4028b000 	C:\WINDOWS\system32\iertutil.dll
0x60d20000 - 0x60d88000 	C:\ARCHIVOS DE PROGRAMA\NORTON INTERNET SECURITY\ENGINE\18.6.0.29\ASOEHOOK.DLL
0x78520000 - 0x785c3000 	C:\WINDOWS\WinSxS\x86_Microsoft.VC90.CRT_1fc8b3b9a1e18e3b_9.0.30729.6161_x-ww_31a54e43\MSVCR90.dll
0x78480000 - 0x7850e000 	C:\WINDOWS\WinSxS\x86_Microsoft.VC90.CRT_1fc8b3b9a1e18e3b_9.0.30729.6161_x-ww_31a54e43\MSVCP90.dll
0x6d6a0000 - 0x6d6e6000 	C:\Archivos de programa\Java\jre6\bin\regutils.dll
0x77b10000 - 0x77b32000 	C:\WINDOWS\system32\apphelp.dll
0x75160000 - 0x7518e000 	C:\WINDOWS\system32\msctfime.ime
0x6d600000 - 0x6d613000 	C:\Archivos de programa\Java\jre6\bin\net.dll
0x71a30000 - 0x71a47000 	C:\WINDOWS\system32\WS2_32.dll
0x71a20000 - 0x71a28000 	C:\WINDOWS\system32\WS2HELP.dll
0x6d620000 - 0x6d629000 	C:\Archivos de programa\Java\jre6\bin\nio.dll
0x6d230000 - 0x6d27f000 	C:\Archivos de programa\Java\jre6\bin\fontmanager.dll
0x719d0000 - 0x71a10000 	C:\WINDOWS\System32\mswsock.dll
0x76ee0000 - 0x76f07000 	C:\WINDOWS\system32\DNSAPI.dll
0x76d20000 - 0x76d39000 	C:\WINDOWS\system32\iphlpapi.dll
0x76f70000 - 0x76f78000 	C:\WINDOWS\System32\winrnr.dll
0x76f20000 - 0x76f4d000 	C:\WINDOWS\system32\WLDAP32.dll
0x76f80000 - 0x76f86000 	C:\WINDOWS\system32\rasadhlp.dll
0x68000000 - 0x68036000 	C:\WINDOWS\system32\rsaenh.dll
0x76630000 - 0x766e5000 	C:\WINDOWS\system32\USERENV.dll
0x597f0000 - 0x59845000 	C:\WINDOWS\system32\netapi32.dll
0x6d1a0000 - 0x6d1c3000 	C:\Archivos de programa\Java\jre6\bin\dcpr.dll
0x10000000 - 0x1000f000 	C:\WINDOWS\system32\vlsp.dll
0x66740000 - 0x66799000 	C:\WINDOWS\system32\hnetcfg.dll
0x71a10000 - 0x71a18000 	C:\WINDOWS\System32\wshtcpip.dll
0x76bb0000 - 0x76bbb000 	C:\WINDOWS\system32\PSAPI.DLL

VM Arguments:
jvm_args: -D__jvm_launched=357783914616 -Xbootclasspath/a:C:\ARCHIV~1\Java\jre6\lib\deploy.jar;C:\ARCHIV~1\Java\jre6\lib\javaws.jar;C:\ARCHIV~1\Java\jre6\lib\plugin.jar -Dsun.awt.warmup=true 
java_command: sun.plugin2.main.client.PluginMain write_pipe_name=jpi2_pid2460_pipe2,read_pipe_name=jpi2_pid2460_pipe1
Launcher Type: SUN_STANDARD

Environment Variables:
PATH=C:\Archivos de programa\Mozilla Firefox;C:\Archivos de programa\PC Connectivity Solution\;C:\Archivos de programa\AMD APP\bin\x86;C:\WINDOWS\system32;C:\WINDOWS;C:\WINDOWS\System32\Wbem;C:\Archivos de programa\Archivos comunes\Roxio Shared\DLLShared\;C:\Archivos de programa\Archivos comunes\Roxio Shared\10.0\DLLShared\;C:\Archivos de programa\QuickTime\QTSystem\;C:\Archivos de programa\ATI Technologies\ATI.ACE\Core-Static
USERNAME=Roberto
OS=Windows_NT
PROCESSOR_IDENTIFIER=x86 Family 15 Model 127 Stepping 1, AuthenticAMD



---------------  S Y S T E M  ---------------

OS: Windows XP Build 2600 Service Pack 3

CPU:total 1 (1 cores per cpu, 1 threads per core) family 15 model 127 stepping 1, cmov, cx8, fxsr, mmx, sse, sse2, sse3, mmxext, 3dnow, 3dnowext

Memory: 4k page, physical 2096368k(792244k free), swap 4033116k(2240440k free)

vm_info: Java HotSpot(TM) Client VM (20.4-b02) for windows-x86 JRE (1.6.0_29-b11), built on Oct  3 2011 01:01:08 by "java_re" with MS VC++ 7.1 (VS2003)

time: Wed Oct 26 13:10:21 2011
elapsed time: 16 seconds

